<?xml version="1.0" encoding="UTF-8"?>
<testsuite xmlns:xsi="http://www.w3.org/2001/XMLSchema-instance" xsi:noNamespaceSchemaLocation="https://maven.apache.org/surefire/maven-surefire-plugin/xsd/surefire-test-report-3.0.xsd" version="3.0" name="com.example.studentmanagement.MainTest" time="0.33" tests="13" errors="0" skipped="0" failures="0">
  <properties>
    <property name="java.specification.version" value="17"/>
    <property name="sun.cpu.isalist" value="amd64"/>
    <property name="sun.jnu.encoding" value="Cp1252"/>
    <property name="java.class.path" value="D:\IIIT\CS731 - Software Testing\project\target\test-classes;D:\IIIT\CS731 - Software Testing\project\target\classes;C:\Users\DELL\.m2\repository\org\junit\jupiter\junit-jupiter-engine\5.8.0\junit-jupiter-engine-5.8.0.jar;C:\Users\DELL\.m2\repository\org\junit\platform\junit-platform-engine\1.8.0\junit-platform-engine-1.8.0.jar;C:\Users\DELL\.m2\repository\org\opentest4j\opentest4j\1.2.0\opentest4j-1.2.0.jar;C:\Users\DELL\.m2\repository\org\junit\platform\junit-platform-commons\1.8.0\junit-platform-commons-1.8.0.jar;C:\Users\DELL\.m2\repository\org\junit\jupiter\junit-jupiter-api\5.8.0\junit-jupiter-api-5.8.0.jar;C:\Users\DELL\.m2\repository\org\apiguardian\apiguardian-api\1.1.2\apiguardian-api-1.1.2.jar;"/>
    <property name="java.vm.vendor" value="Oracle Corporation"/>
    <property name="sun.arch.data.model" value="64"/>
    <property name="user.variant" value=""/>
    <property name="java.vendor.url" value="https://java.oracle.com/"/>
    <property name="user.timezone" value="Asia/Calcutta"/>
    <property name="os.name" value="Windows 11"/>
    <property name="java.vm.specification.version" value="17"/>
    <property name="sun.java.launcher" value="SUN_STANDARD"/>
    <property name="user.country" value="IN"/>
    <property name="sun.boot.library.path" value="C:\Program Files\Java\jdk-17\bin"/>
    <property name="sun.java.command" value="C:\Users\DELL\AppData\Local\Temp\surefire3513797624211125287\surefirebooter-20241124010440779_3.jar C:\Users\DELL\AppData\Local\Temp\surefire3513797624211125287 2024-11-24T01-04-40_457-jvmRun1 surefire-20241124010440779_1tmp surefire_0-20241124010440779_2tmp"/>
    <property name="jdk.debug" value="release"/>
    <property name="surefire.test.class.path" value="D:\IIIT\CS731 - Software Testing\project\target\test-classes;D:\IIIT\CS731 - Software Testing\project\target\classes;C:\Users\DELL\.m2\repository\org\junit\jupiter\junit-jupiter-engine\5.8.0\junit-jupiter-engine-5.8.0.jar;C:\Users\DELL\.m2\repository\org\junit\platform\junit-platform-engine\1.8.0\junit-platform-engine-1.8.0.jar;C:\Users\DELL\.m2\repository\org\opentest4j\opentest4j\1.2.0\opentest4j-1.2.0.jar;C:\Users\DELL\.m2\repository\org\junit\platform\junit-platform-commons\1.8.0\junit-platform-commons-1.8.0.jar;C:\Users\DELL\.m2\repository\org\junit\jupiter\junit-jupiter-api\5.8.0\junit-jupiter-api-5.8.0.jar;C:\Users\DELL\.m2\repository\org\apiguardian\apiguardian-api\1.1.2\apiguardian-api-1.1.2.jar;"/>
    <property name="sun.cpu.endian" value="little"/>
    <property name="user.home" value="C:\Users\DELL"/>
    <property name="user.language" value="en"/>
    <property name="java.specification.vendor" value="Oracle Corporation"/>
    <property name="java.version.date" value="2023-07-18"/>
    <property name="java.home" value="C:\Program Files\Java\jdk-17"/>
    <property name="file.separator" value="\"/>
    <property name="basedir" value="D:\IIIT\CS731 - Software Testing\project"/>
    <property name="java.vm.compressedOopsMode" value="Zero based"/>
    <property name="line.separator" value="&#10;"/>
    <property name="java.vm.specification.vendor" value="Oracle Corporation"/>
    <property name="java.specification.name" value="Java Platform API Specification"/>
    <property name="surefire.real.class.path" value="C:\Users\DELL\AppData\Local\Temp\surefire3513797624211125287\surefirebooter-20241124010440779_3.jar"/>
    <property name="user.script" value=""/>
    <property name="sun.management.compiler" value="HotSpot 64-Bit Tiered Compilers"/>
    <property name="java.runtime.version" value="17.0.8+9-LTS-211"/>
    <property name="user.name" value="DELL"/>
    <property name="path.separator" value=";"/>
    <property name="os.version" value="10.0"/>
    <property name="java.runtime.name" value="Java(TM) SE Runtime Environment"/>
    <property name="file.encoding" value="Cp1252"/>
    <property name="java.vm.name" value="Java HotSpot(TM) 64-Bit Server VM"/>
    <property name="localRepository" value="C:\Users\DELL\.m2\repository"/>
    <property name="java.vendor.url.bug" value="https://bugreport.java.com/bugreport/"/>
    <property name="java.io.tmpdir" value="C:\Users\DELL\AppData\Local\Temp\"/>
    <property name="java.version" value="17.0.8"/>
    <property name="user.dir" value="D:\IIIT\CS731 - Software Testing\project"/>
    <property name="os.arch" value="amd64"/>
    <property name="java.vm.specification.name" value="Java Virtual Machine Specification"/>
    <property name="sun.os.patch.level" value=""/>
    <property name="native.encoding" value="Cp1252"/>
    <property name="java.library.path" value="C:\Program Files\Java\jdk-17\bin;C:\WINDOWS\Sun\Java\bin;C:\WINDOWS\system32;C:\WINDOWS;C:\Program Files\Common Files\Oracle\Java\javapath;C:\Program Files (x86)\Common Files\Oracle\Java\java8path;C:\Program Files (x86)\Common Files\Oracle\Java\javapath;C:\WINDOWS\system32;C:\WINDOWS;C:\WINDOWS\System32\Wbem;C:\WINDOWS\System32\WindowsPowerShell\v1.0\;C:\WINDOWS\System32\OpenSSH\;C:\Program Files (x86)\Intel\Intel(R) Management Engine Components\DAL;C:\Program Files\Intel\Intel(R) Management Engine Components\DAL;C:\Program Files\dotnet\;C:\Program Files (x86)\dotnet\;D:\Applications\CodeBlocks\MinGW\bin;C:\Program Files\Git\cmd;C:\Program Files\Java\jdk-17\;C:\Users\DELL\Downloads\apache-maven-3.9.9\bin;C:\Users\DELL\AppData\Local\Programs\Python\Launcher\;C:\Users\DELL\AppData\Local\Programs\Python\Python38\Scripts\;C:\Users\DELL\AppData\Local\Programs\Python\Python38\;D:\Applications\Python36\Scripts\;D:\Applications\Python36\;C:\Users\DELL\AppData\Local\Microsoft\WindowsApps;D:\Applications\PyCharm\PyCharm Community Edition 2020.3.3\bin;;D:\Applications\Microsoft VS Code\bin;D:\Applications\CodeBlocks\MinGW\bin;D:\Applications\Flutter\flutter\bin;;."/>
    <property name="java.vm.info" value="mixed mode, sharing"/>
    <property name="java.vendor" value="Oracle Corporation"/>
    <property name="java.vm.version" value="17.0.8+9-LTS-211"/>
    <property name="sun.io.unicode.encoding" value="UnicodeLittle"/>
    <property name="java.class.version" value="61.0"/>
  </properties>
  <testcase name="testRoleBasedMenuSwitch_Admin" classname="com.example.studentmanagement.MainTest" time="0.112"/>
  <testcase name="testInstructorLogout" classname="com.example.studentmanagement.MainTest" time="0.025"/>
  <testcase name="testAdminLogout" classname="com.example.studentmanagement.MainTest" time="0.011"/>
  <testcase name="testStudentMenuValidChoice" classname="com.example.studentmanagement.MainTest" time="0.018"/>
  <testcase name="testStudentMenuInvalidChoice" classname="com.example.studentmanagement.MainTest" time="0.012"/>
  <testcase name="testRoleBasedMenuSwitch_Instructor" classname="com.example.studentmanagement.MainTest" time="0.015"/>
  <testcase name="testInstructorMenuInvalidChoice" classname="com.example.studentmanagement.MainTest" time="0.015"/>
  <testcase name="testInstructorMenuValidChoice" classname="com.example.studentmanagement.MainTest" time="0.016"/>
  <testcase name="testRoleBasedMenuSwitch_Student" classname="com.example.studentmanagement.MainTest" time="0.012"/>
  <testcase name="testStudentLogout" classname="com.example.studentmanagement.MainTest" time="0.011"/>
  <testcase name="testAdminMenuInvalidChoice" classname="com.example.studentmanagement.MainTest" time="0.012"/>
  <testcase name="testInvalidLogin" classname="com.example.studentmanagement.MainTest" time="0.011"/>
  <testcase name="testAdminMenuValidChoice" classname="com.example.studentmanagement.MainTest" time="0.014"/>
</testsuite>